<?xml version="1.0" encoding="UTF-8" ?>
<testsuite tests="5" failures="0" name="com.cenfotec.calidad.avance1proyecto.CalendarioTest" time="0.121" errors="0" skipped="0">
  <properties>
[...]
</properties>
  <testcase classname="com.cenfotec.calidad.avance1proyecto.CalendarioTest" name="com.cenfotec.calidad.avance1proyecto.CalendarioTest.testDiasEntreFechas" time="0.095"/>
  <testcase classname="com.cenfotec.calidad.avance1proyecto.CalendarioTest" name="com.cenfotec.calidad.avance1proyecto.CalendarioTest.testDiaSemana" time="0.008"/>
  <testcase classname="com.cenfotec.calidad.avance1proyecto.CalendarioTest" name="com.cenfotec.calidad.avance1proyecto.CalendarioTest.testEsFechaValida" time="0.009"/>
  <testcase classname="com.cenfotec.calidad.avance1proyecto.CalendarioTest" name="com.cenfotec.calidad.avance1proyecto.CalendarioTest.testEsBisiesto" time="0"/>
  <testcase classname="com.cenfotec.calidad.avance1proyecto.CalendarioTest" name="com.cenfotec.calidad.avance1proyecto.CalendarioTest.testDiaSiguiente" time="0.009"/>
</testsuite>